idea_collector/build/app/outputs/mapping/release/seeds.txt
com.iqsoft.ideacollector.MainActivity
com.iqsoft.ideacollector.MainActivity: MainActivity()
...
io.flutter.embedding.android.RenderMode: io.flutter.embedding.android.RenderMode[] values()
androidx.window.layout.FoldingFeature$Orientation$Companion: FoldingFeature$Orientation$Companion()
kotlin.jvm.internal.FunctionReference: boolean isInline()
androidx.window.layout.WindowInfoTrackerImpl$Companion: WindowInfoTrackerImpl$Companion(kotlin.jvm.internal.DefaultConstructorMarker)
androidx.window.layout.FoldingFeature$Orientation$Companion: FoldingFeature$Orientation$Companion(kotlin.jvm.internal.DefaultConstructorMarker)
androidx.window.embedding.ActivityStack: boolean isEmpty
androidx.window.layout.SidecarWindowBackend$WindowLayoutChangeCallbackWrapper: SidecarWindowBackend$WindowLayoutChangeCallbackWrapper(android.app.Activity,java.util.concurrent.Executor,androidx.core.util.Consumer)
androidx.window.embedding.EmbeddingTranslatingCallback
androidx.window.java.layout.WindowInfoTrackerCallbackAdapter$addListener$1$1$invokeSuspend$$inlined$collect$1: java.lang.Object emit(java.lang.Object,kotlin.coroutines.Continuation)
androidx.window.embedding.EmbeddingBackend
kotlin.jvm.internal.CallableReference: java.lang.String getName()
io.flutter.embedding.engine.FlutterJNI: io.flutter.plugin.localization.LocalizationPlugin localizationPlugin
androidx.window.layout.SidecarCompat$DistinctElementCallback: SidecarCompat$DistinctElementCallback(androidx.window.layout.ExtensionInterfaceCompat$ExtensionCallbackInterface)
androidx.window.layout.SidecarWindowBackend: java.util.concurrent.locks.ReentrantLock access$getGlobalLock$cp()
androidx.window.layout.WindowInfoTracker$Companion: androidx.window.layout.WindowBackend windowBackend$window_release(android.content.Context)
androidx.window.layout.WindowInfoTrackerImpl$Companion
io.flutter.embedding.android.FlutterImageView$SurfaceKind: io.flutter.embedding.android.FlutterImageView$SurfaceKind valueOf(java.lang.String)
io.flutter.embedding.engine.FlutterJNI: void nativeOnVsync(long,long,long)
androidx.window.core.Version$bigInteger$2: java.math.BigInteger invoke()
io.flutter.view.AccessibilityBridge$TextDirection: io.flutter.view.AccessibilityBridge$TextDirection[] values()
io.flutter.view.AccessibilityViewEmbedder: android.util.SparseArray flutterIdToOrigin
io.flutter.embedding.engine.mutatorsstack.FlutterMutatorsStack
androidx.window.layout.ExtensionInterfaceCompat$ExtensionCallbackInterface
androidx.window.layout.SidecarCompat: androidx.window.layout.WindowLayoutInfo getWindowLayoutInfo(android.app.Activity)
androidx.window.layout.HardwareFoldingFeature$Type: java.lang.String toString()
androidx.window.layout.SidecarCompat: SidecarCompat(androidx.window.sidecar.SidecarInterface,androidx.window.layout.SidecarAdapter)
androidx.window.embedding.EmbeddingAdapter: java.util.function.Predicate translateParentMetricsPredicate(androidx.window.embedding.SplitRule)
androidx.window.R$styleable: int SplitPairRule_splitLayoutDirection
androidx.window.embedding.ExtensionEmbeddingBackend: androidx.window.embedding.EmbeddingInterfaceCompat embeddingExtension
kotlinx.coroutines.internal.LockFreeTaskQueueCore: java.lang.Object _next
kotlinx.coroutines.JobSupport$Finishing
androidx.window.java.layout.WindowInfoTrackerCallbackAdapter$addListener$1$1: WindowInfoTrackerCallbackAdapter$addListener$1$1(kotlinx.coroutines.flow.Flow,androidx.core.util.Consumer,kotlin.coroutines.Continuation)
io.flutter.embedding.android.FlutterImageView: io.flutter.embedding.engine.renderer.FlutterRenderer getAttachedRenderer()
androidx.window.embedding.ExtensionEmbeddingBackend: void unregisterSplitListenerForActivity(androidx.core.util.Consumer)
androidx.window.embedding.ActivityFilter
androidx.window.R$styleable: int SplitPlaceholderRule_placeholderActivityName
androidx.window.embedding.EmbeddingBackend: void setSplitRules(java.util.Set)
kotlinx.coroutines.internal.LockFreeLinkedListNode: java.lang.Object _prev