idea_collector/build/app/outputs/mapping/release/mapping.txt
# compiler: R8
# compiler_version: 2.1.62
# min_api: 16
# pg_map_id: 1f16099
# common_typos_disable
...
kotlin.collections.MapsKt___MapsKt -> g.q.a0:
kotlin.collections.SetsKt -> g.q.b0:
    java.util.Set emptySet() -> b
kotlin.collections.SetsKt__SetsJVMKt -> g.q.c0:
    java.util.Set setOf(java.lang.Object) -> a
kotlin.collections.SetsKt__SetsKt -> g.q.d0:
    java.util.Set emptySet() -> b
    java.util.Set optimizeReadOnlySet(java.util.Set) -> c
kotlin.collections.SetsKt___SetsKt -> g.q.e0:
kotlin.comparisons.ComparisonsKt -> g.r.a:
    int compareValues(java.lang.Comparable,java.lang.Comparable) -> a
kotlin.comparisons.ComparisonsKt__ComparisonsKt -> g.r.b:
    int compareValues(java.lang.Comparable,java.lang.Comparable) -> a
kotlin.comparisons.ComparisonsKt___ComparisonsJvmKt -> g.r.c:
kotlin.comparisons.ComparisonsKt___ComparisonsKt -> g.r.d:
kotlin.coroutines.AbstractCoroutineContextElement -> g.s.a:
kotlin.coroutines.AbstractCoroutineContextKey -> g.s.b:
    kotlin.coroutines.CoroutineContext$Key topmostKey -> e
    kotlin.jvm.functions.Function1 safeCast -> d
    boolean isSubKey$kotlin_stdlib(kotlin.coroutines.CoroutineContext$Key) -> a
    kotlin.coroutines.CoroutineContext$Element tryCast$kotlin_stdlib(kotlin.coroutines.CoroutineContext$Element) -> b
kotlin.coroutines.CombinedContext -> g.s.c:
    kotlin.coroutines.CoroutineContext$Element element -> e
    kotlin.coroutines.CoroutineContext left -> d
    boolean contains(kotlin.coroutines.CoroutineContext$Element) -> b
    boolean containsAll(kotlin.coroutines.CombinedContext) -> g
    int size() -> k
kotlin.coroutines.CombinedContext$toString$1 -> g.s.c$a:
    kotlin.coroutines.CombinedContext$toString$1 INSTANCE -> d
    java.lang.String invoke(java.lang.String,kotlin.coroutines.CoroutineContext$Element) -> a
kotlin.coroutines.Continuation -> g.s.d:
kotlin.coroutines.ContinuationInterceptor -> g.s.e:
    kotlin.coroutines.ContinuationInterceptor$Key Key -> a
    void releaseInterceptedContinuation(kotlin.coroutines.Continuation) -> c
    kotlin.coroutines.Continuation interceptContinuation(kotlin.coroutines.Continuation) -> l
kotlin.coroutines.ContinuationInterceptor$DefaultImpls -> g.s.e$a:
    kotlin.coroutines.CoroutineContext$Element get(kotlin.coroutines.ContinuationInterceptor,kotlin.coroutines.CoroutineContext$Key) -> a
    kotlin.coroutines.CoroutineContext minusKey(kotlin.coroutines.ContinuationInterceptor,kotlin.coroutines.CoroutineContext$Key) -> b
kotlin.coroutines.ContinuationInterceptor$Key -> g.s.e$b:
    kotlin.coroutines.ContinuationInterceptor$Key $$INSTANCE -> d
kotlin.coroutines.ContinuationKt -> g.s.f:
    void startCoroutine(kotlin.jvm.functions.Function2,java.lang.Object,kotlin.coroutines.Continuation) -> a
kotlin.coroutines.CoroutineContext -> g.s.g:
kotlin.coroutines.CoroutineContext$DefaultImpls -> g.s.g$a:
    kotlin.coroutines.CoroutineContext plus(kotlin.coroutines.CoroutineContext,kotlin.coroutines.CoroutineContext) -> a
kotlin.coroutines.CoroutineContext$Element -> g.s.g$b:
kotlin.coroutines.CoroutineContext$Element$DefaultImpls -> g.s.g$b$a:
    java.lang.Object fold(kotlin.coroutines.CoroutineContext$Element,java.lang.Object,kotlin.jvm.functions.Function2) -> a
    kotlin.coroutines.CoroutineContext$Element get(kotlin.coroutines.CoroutineContext$Element,kotlin.coroutines.CoroutineContext$Key) -> b
    kotlin.coroutines.CoroutineContext minusKey(kotlin.coroutines.CoroutineContext$Element,kotlin.coroutines.CoroutineContext$Key) -> c
    kotlin.coroutines.CoroutineContext plus(kotlin.coroutines.CoroutineContext$Element,kotlin.coroutines.CoroutineContext) -> d
kotlin.coroutines.CoroutineContext$Key -> g.s.g$c:
kotlin.coroutines.CoroutineContext$plus$1 -> g.s.g$a$a:
    kotlin.coroutines.CoroutineContext$plus$1 INSTANCE -> d
    kotlin.coroutines.CoroutineContext invoke(kotlin.coroutines.CoroutineContext,kotlin.coroutines.CoroutineContext$Element) -> a
kotlin.coroutines.EmptyCoroutineContext -> g.s.h:
    kotlin.coroutines.EmptyCoroutineContext INSTANCE -> d