idea_collector/build/app/outputs/mapping/release/usage.txt
com.iqsoft.ideacollector.R$style
com.iqsoft.ideacollector.R$integer
com.iqsoft.ideacollector.R$dimen
com.iqsoft.ideacollector.R$id
com.iqsoft.ideacollector.R$styleable
com.iqsoft.ideacollector.R$mipmap
com.iqsoft.ideacollector.R$string
com.iqsoft.ideacollector.R$layout
com.iqsoft.ideacollector.BuildConfig
com.iqsoft.ideacollector.R$attr
com.iqsoft.ideacollector.R
com.iqsoft.ideacollector.R$color
com.iqsoft.ideacollector.R$drawable
...
kotlinx.coroutines.scheduling.ExperimentalCoroutineDispatcher:
    public synthetic void <init>(int,int,long,java.lang.String,int,kotlin.jvm.internal.DefaultConstructorMarker)
    public synthetic void <init>(int,int)
    public synthetic void <init>(int,int,int,kotlin.jvm.internal.DefaultConstructorMarker)
    public static synthetic kotlinx.coroutines.CoroutineDispatcher blocking$default(kotlinx.coroutines.scheduling.ExperimentalCoroutineDispatcher,int,int,java.lang.Object)
    public java.util.concurrent.Executor getExecutor()
    public void dispatchYield(kotlin.coroutines.CoroutineContext,java.lang.Runnable)
    public final kotlinx.coroutines.CoroutineDispatcher blocking(int)
    public final kotlinx.coroutines.CoroutineDispatcher limited(int)
    public final synchronized void usePrivateScheduler$kotlinx_coroutines_core()
    public final synchronized void shutdown$kotlinx_coroutines_core(long)
    public final void restore$kotlinx_coroutines_core()
kotlinx.coroutines.DebugKt:
    public static final void resetCoroutineId()
    private static final void assert(kotlin.jvm.functions.Function0)
    public static final java.lang.String DEBUG_PROPERTY_NAME
    public static final java.lang.String STACKTRACE_RECOVERY_PROPERTY_NAME
    public static final java.lang.String DEBUG_PROPERTY_VALUE_AUTO
    public static final java.lang.String DEBUG_PROPERTY_VALUE_ON
    public static final java.lang.String DEBUG_PROPERTY_VALUE_OFF
androidx.core.widget.TextViewOnReceiveContentListener
kotlinx.coroutines.flow.SharedFlowImpl$collect$1
androidx.core.view.accessibility.AccessibilityEventCompat$ContentChangeType
kotlin.jvm.internal.PropertyReference1Impl
androidx.core.text.util.FindAddress
kotlin.jvm.JvmField
kotlin.jvm.functions.Function12:
    public abstract java.lang.Object invoke(java.lang.Object,java.lang.Object,java.lang.Object,java.lang.Object,java.lang.Object,java.lang.Object,java.lang.Object,java.lang.Object,java.lang.Object,java.lang.Object,java.lang.Object,java.lang.Object)
kotlin.ranges.UIntProgression
androidx.core.view.ActionProvider$VisibilityListener
androidx.annotation.ContentView
androidx.core.view.accessibility.AccessibilityViewCommand$MoveHtmlArguments
androidx.fragment.R$styleable
kotlinx.coroutines.flow.FlowKt__ZipKt$combineTransform$$inlined$combineTransformUnsafe$FlowKt__ZipKt$4$1
kotlinx.coroutines.CompletableDeferredImpl
kotlin.jvm.internal.TypeReference$asString$args$1
io.flutter.embedding.engine.dart.DartMessenger$TaskQueueToken
kotlinx.coroutines.channels.Receive:
    public kotlin.jvm.functions.Function1 resumeOnCancellationFun(java.lang.Object)
androidx.collection.SimpleArrayMap:
    public void <init>(int)
    public void <init>(androidx.collection.SimpleArrayMap)
    public void putAll(androidx.collection.SimpleArrayMap)
    private static final boolean DEBUG
    private static final java.lang.String TAG
    private static final boolean CONCURRENT_MODIFICATION_EXCEPTIONS
    private static final int BASE_SIZE
    private static final int CACHE_SIZE
androidx.core.graphics.TypefaceCompat
kotlin.contracts.ContractBuilderKt
kotlin.sequences.DropSequence
kotlin.coroutines.jvm.internal.Boxing:
    public static final java.lang.Byte boxByte(byte)
    public static final java.lang.Short boxShort(short)
    public static final java.lang.Integer boxInt(int)
    public static final java.lang.Long boxLong(long)
    public static final java.lang.Float boxFloat(float)
    public static final java.lang.Double boxDouble(double)
    public static final java.lang.Character boxChar(char)